Analysis & Synthesis report for addersubtractor2
Mon Jul 03 13:59:15 2017
Quartus Prime Version 17.0.0 Build 595 04/25/2017 SJ Lite Edition


---------------------
; Table of Contents ;
---------------------
  1. Legal Notice
  2. Analysis & Synthesis Summary
  3. Analysis & Synthesis Settings
  4. Parallel Compilation
  5. Analysis & Synthesis Source Files Read
  6. Analysis & Synthesis Resource Usage Summary
  7. Analysis & Synthesis Resource Utilization by Entity
  8. Analysis & Synthesis IP Cores Summary
  9. Registers Removed During Synthesis
 10. General Register Statistics
 11. Parameter Settings for User Entity Instance: Top-level Entity: |addersubtractor2
 12. Parameter Settings for User Entity Instance: mux2to1:multiplexer
 13. Parameter Settings for User Entity Instance: megaddsub:nbit_adder|lpm_add_sub:LPM_ADD_SUB_component
 14. Port Connectivity Checks: "megaddsub:nbit_adder"
 15. Post-Synthesis Netlist Statistics for Top Partition
 16. Elapsed Time Per Partition
 17. Analysis & Synthesis Messages



----------------
; Legal Notice ;
----------------
Copyright (C) 2017  Intel Corporation. All rights reserved.
Your use of Intel Corporation's design tools, logic functions 
and other software and tools, and its AMPP partner logic 
functions, and any output files from any of the foregoing 
(including device programming or simulation files), and any 
associated documentation or information are expressly subject 
to the terms and conditions of the Intel Program License 
Subscription Agreement, the Intel Quartus Prime License Agreement,
the Intel MegaCore Function License Agreement, or other 
applicable license agreement, including, without limitation, 
that your use is for the sole purpose of programming logic 
devices manufactured by Intel and sold by Intel or its 
authorized distributors.  Please refer to the applicable 
agreement for further details.



+----------------------------------------------------------------------------------+
; Analysis & Synthesis Summary                                                     ;
+------------------------------------+---------------------------------------------+
; Analysis & Synthesis Status        ; Successful - Mon Jul 03 13:59:15 2017       ;
; Quartus Prime Version              ; 17.0.0 Build 595 04/25/2017 SJ Lite Edition ;
; Revision Name                      ; addersubtractor2                            ;
; Top-level Entity Name              ; addersubtractor2                            ;
; Family                             ; Cyclone IV E                                ;
; Total logic elements               ; 84                                          ;
;     Total combinational functions  ; 50                                          ;
;     Dedicated logic registers      ; 36                                          ;
; Total registers                    ; 36                                          ;
; Total pins                         ; 53                                          ;
; Total virtual pins                 ; 0                                           ;
; Total memory bits                  ; 0                                           ;
; Embedded Multiplier 9-bit elements ; 0                                           ;
; Total PLLs                         ; 0                                           ;
+------------------------------------+---------------------------------------------+


+----------------------------------------------------------------------------------------------------------------------+
; Analysis & Synthesis Settings                                                                                        ;
+----------------------------------------------------------------------------+--------------------+--------------------+
; Option                                                                     ; Setting            ; Default Value      ;
+----------------------------------------------------------------------------+--------------------+--------------------+
; Device                                                                     ; EP4CE6E22C8        ;                    ;
; Top-level entity name                                                      ; addersubtractor2   ; addersubtractor2   ;
; Family name                                                                ; Cyclone IV E       ; Cyclone V          ;
; Use smart compilation                                                      ; Off                ; Off                ;
; Enable parallel Assembler and TimeQuest Timing Analyzer during compilation ; On                 ; On                 ;
; Enable compact report table                                                ; Off                ; Off                ;
; Restructure Multiplexers                                                   ; Auto               ; Auto               ;
; Create Debugging Nodes for IP Cores                                        ; Off                ; Off                ;
; Preserve fewer node names                                                  ; On                 ; On                 ;
; OpenCore Plus hardware evaluation                                          ; Enable             ; Enable             ;
; Verilog Version                                                            ; Verilog_2001       ; Verilog_2001       ;
; VHDL Version                                                               ; VHDL_1993          ; VHDL_1993          ;
; State Machine Processing                                                   ; Auto               ; Auto               ;
; Safe State Machine                                                         ; Off                ; Off                ;
; Extract Verilog State Machines                                             ; On                 ; On                 ;
; Extract VHDL State Machines                                                ; On                 ; On                 ;
; Ignore Verilog initial constructs                                          ; Off                ; Off                ;
; Iteration limit for constant Verilog loops                                 ; 5000               ; 5000               ;
; Iteration limit for non-constant Verilog loops                             ; 250                ; 250                ;
; Add Pass-Through Logic to Inferred RAMs                                    ; On                 ; On                 ;
; Infer RAMs from Raw Logic                                                  ; On                 ; On                 ;
; Parallel Synthesis                                                         ; On                 ; On                 ;
; DSP Block Balancing                                                        ; Auto               ; Auto               ;
; NOT Gate Push-Back                                                         ; On                 ; On                 ;
; Power-Up Don't Care                                                        ; On                 ; On                 ;
; Remove Redundant Logic Cells                                               ; Off                ; Off                ;
; Remove Duplicate Registers                                                 ; On                 ; On                 ;
; Ignore CARRY Buffers                                                       ; Off                ; Off                ;
; Ignore CASCADE Buffers                                                     ; Off                ; Off                ;
; Ignore GLOBAL Buffers                                                      ; Off                ; Off                ;
; Ignore ROW GLOBAL Buffers                                                  ; Off                ; Off                ;
; Ignore LCELL Buffers                                                       ; Off                ; Off                ;
; Ignore SOFT Buffers                                                        ; On                 ; On                 ;
; Limit AHDL Integers to 32 Bits                                             ; Off                ; Off                ;
; Optimization Technique                                                     ; Balanced           ; Balanced           ;
; Carry Chain Length                                                         ; 70                 ; 70                 ;
; Auto Carry Chains                                                          ; On                 ; On                 ;
; Auto Open-Drain Pins                                                       ; On                 ; On                 ;
; Perform WYSIWYG Primitive Resynthesis                                      ; Off                ; Off                ;
; Auto ROM Replacement                                                       ; On                 ; On                 ;
; Auto RAM Replacement                                                       ; On                 ; On                 ;
; Auto DSP Block Replacement                                                 ; On                 ; On                 ;
; Auto Shift Register Replacement                                            ; Auto               ; Auto               ;
; Allow Shift Register Merging across Hierarchies                            ; Auto               ; Auto               ;
; Auto Clock Enable Replacement                                              ; On                 ; On                 ;
; Strict RAM Replacement                                                     ; Off                ; Off                ;
; Allow Synchronous Control Signals                                          ; On                 ; On                 ;
; Force Use of Synchronous Clear Signals                                     ; Off                ; Off                ;
; Auto RAM Block Balancing                                                   ; On                 ; On                 ;
; Auto RAM to Logic Cell Conversion                                          ; Off                ; Off                ;
; Auto Resource Sharing                                                      ; Off                ; Off                ;
; Allow Any RAM Size For Recognition                                         ; Off                ; Off                ;
; Allow Any ROM Size For Recognition                                         ; Off                ; Off                ;
; Allow Any Shift Register Size For Recognition                              ; Off                ; Off                ;
; Use LogicLock Constraints during Resource Balancing                        ; On                 ; On                 ;
; Ignore translate_off and synthesis_off directives                          ; Off                ; Off                ;
; Timing-Driven Synthesis                                                    ; On                 ; On                 ;
; Report Parameter Settings                                                  ; On                 ; On                 ;
; Report Source Assignments                                                  ; On                 ; On                 ;
; Report Connectivity Checks                                                 ; On                 ; On                 ;
; Ignore Maximum Fan-Out Assignments                                         ; Off                ; Off                ;
; Synchronization Register Chain Length                                      ; 2                  ; 2                  ;
; PowerPlay Power Optimization During Synthesis                              ; Normal compilation ; Normal compilation ;
; HDL message level                                                          ; Level2             ; Level2             ;
; Suppress Register Optimization Related Messages                            ; Off                ; Off                ;
; Number of Removed Registers Reported in Synthesis Report                   ; 5000               ; 5000               ;
; Number of Swept Nodes Reported in Synthesis Report                         ; 5000               ; 5000               ;
; Number of Inverted Registers Reported in Synthesis Report                  ; 100                ; 100                ;
; Clock MUX Protection                                                       ; On                 ; On                 ;
; Auto Gated Clock Conversion                                                ; Off                ; Off                ;
; Block Design Naming                                                        ; Auto               ; Auto               ;
; SDC constraint protection                                                  ; Off                ; Off                ;
; Synthesis Effort                                                           ; Auto               ; Auto               ;
; Shift Register Replacement - Allow Asynchronous Clear Signal               ; On                 ; On                 ;
; Pre-Mapping Resynthesis Optimization                                       ; Off                ; Off                ;
; Analysis & Synthesis Message Level                                         ; Medium             ; Medium             ;
; Disable Register Merging Across Hierarchies                                ; Auto               ; Auto               ;
; Resource Aware Inference For Block RAM                                     ; On                 ; On                 ;
+----------------------------------------------------------------------------+--------------------+--------------------+


+------------------------------------------+
; Parallel Compilation                     ;
+----------------------------+-------------+
; Processors                 ; Number      ;
+----------------------------+-------------+
; Number detected on machine ; 8           ;
; Maximum allowed            ; 4           ;
;                            ;             ;
; Average used               ; 1.00        ;
; Maximum used               ; 4           ;
;                            ;             ;
; Usage by Processor         ; % Time Used ;
;     Processor 1            ; 100.0%      ;
;     Processors 2-4         ;   0.0%      ;
+----------------------------+-------------+


+-------------------------------------------------------------------------------------------------------------------------------------------------------------------------------------------------------------------+
; Analysis & Synthesis Source Files Read                                                                                                                                                                            ;
+----------------------------------+-----------------+------------------------------+---------------------------------------------------------------------------------------------------------------------+---------+
; File Name with User-Entered Path ; Used in Netlist ; File Type                    ; File Name with Absolute Path                                                                                        ; Library ;
+----------------------------------+-----------------+------------------------------+---------------------------------------------------------------------------------------------------------------------+---------+
; megaddsub.v                      ; yes             ; User Wizard-Generated File   ; C:/Users/Georgantas/Documents/Altera-Tutorials/digital_logic_tuts/using_lib_modules/tutorial_lpm/megaddsub.v        ;         ;
; addersubtractor2.v               ; yes             ; User Verilog HDL File        ; C:/Users/Georgantas/Documents/Altera-Tutorials/digital_logic_tuts/using_lib_modules/tutorial_lpm/addersubtractor2.v ;         ;
; lpm_add_sub.tdf                  ; yes             ; Megafunction                 ; c:/intelfpga_lite/17.0/quartus/libraries/megafunctions/lpm_add_sub.tdf                                              ;         ;
; addcore.inc                      ; yes             ; Megafunction                 ; c:/intelfpga_lite/17.0/quartus/libraries/megafunctions/addcore.inc                                                  ;         ;
; look_add.inc                     ; yes             ; Megafunction                 ; c:/intelfpga_lite/17.0/quartus/libraries/megafunctions/look_add.inc                                                 ;         ;
; bypassff.inc                     ; yes             ; Megafunction                 ; c:/intelfpga_lite/17.0/quartus/libraries/megafunctions/bypassff.inc                                                 ;         ;
; altshift.inc                     ; yes             ; Megafunction                 ; c:/intelfpga_lite/17.0/quartus/libraries/megafunctions/altshift.inc                                                 ;         ;
; alt_stratix_add_sub.inc          ; yes             ; Megafunction                 ; c:/intelfpga_lite/17.0/quartus/libraries/megafunctions/alt_stratix_add_sub.inc                                      ;         ;
; aglobal170.inc                   ; yes             ; Megafunction                 ; c:/intelfpga_lite/17.0/quartus/libraries/megafunctions/aglobal170.inc                                               ;         ;
; db/add_sub_tdh.tdf               ; yes             ; Auto-Generated Megafunction  ; C:/Users/Georgantas/Documents/Altera-Tutorials/digital_logic_tuts/using_lib_modules/tutorial_lpm/db/add_sub_tdh.tdf ;         ;
+----------------------------------+-----------------+------------------------------+---------------------------------------------------------------------------------------------------------------------+---------+


+-----------------------------------------------------------+
; Analysis & Synthesis Resource Usage Summary               ;
+---------------------------------------------+-------------+
; Resource                                    ; Usage       ;
+---------------------------------------------+-------------+
; Estimated Total logic elements              ; 84          ;
;                                             ;             ;
; Total combinational functions               ; 50          ;
; Logic element usage by number of LUT inputs ;             ;
;     -- 4 input functions                    ; 1           ;
;     -- 3 input functions                    ; 16          ;
;     -- <=2 input functions                  ; 33          ;
;                                             ;             ;
; Logic elements by mode                      ;             ;
;     -- normal mode                          ; 34          ;
;     -- arithmetic mode                      ; 16          ;
;                                             ;             ;
; Total registers                             ; 36          ;
;     -- Dedicated logic registers            ; 36          ;
;     -- I/O registers                        ; 0           ;
;                                             ;             ;
; I/O pins                                    ; 53          ;
;                                             ;             ;
; Embedded Multiplier 9-bit elements          ; 0           ;
;                                             ;             ;
; Maximum fan-out node                        ; Clock~input ;
; Maximum fan-out                             ; 36          ;
; Total fan-out                               ; 281         ;
; Average fan-out                             ; 1.46        ;
+---------------------------------------------+-------------+


+--------------------------------------------------------------------------------------------------------------------------------------------------------------------------------------------------------------------------------------------------------------------------------------------------------------+
; Analysis & Synthesis Resource Utilization by Entity                                                                                                                                                                                                                                                          ;
+-------------------------------------------+---------------------+---------------------------+-------------+--------------+---------+-----------+------+--------------+-----------------------------------------------------------------------------------------------------+------------------+--------------+
; Compilation Hierarchy Node                ; Combinational ALUTs ; Dedicated Logic Registers ; Memory Bits ; DSP Elements ; DSP 9x9 ; DSP 18x18 ; Pins ; Virtual Pins ; Full Hierarchy Name                                                                                 ; Entity Name      ; Library Name ;
+-------------------------------------------+---------------------+---------------------------+-------------+--------------+---------+-----------+------+--------------+-----------------------------------------------------------------------------------------------------+------------------+--------------+
; |addersubtractor2                         ; 50 (0)              ; 36 (36)                   ; 0           ; 0            ; 0       ; 0         ; 53   ; 0            ; |addersubtractor2                                                                                   ; addersubtractor2 ; work         ;
;    |megaddsub:nbit_adder|                 ; 34 (0)              ; 0 (0)                     ; 0           ; 0            ; 0       ; 0         ; 0    ; 0            ; |addersubtractor2|megaddsub:nbit_adder                                                              ; megaddsub        ; work         ;
;       |lpm_add_sub:LPM_ADD_SUB_component| ; 34 (0)              ; 0 (0)                     ; 0           ; 0            ; 0       ; 0         ; 0    ; 0            ; |addersubtractor2|megaddsub:nbit_adder|lpm_add_sub:LPM_ADD_SUB_component                            ; lpm_add_sub      ; work         ;
;          |add_sub_tdh:auto_generated|     ; 34 (34)             ; 0 (0)                     ; 0           ; 0            ; 0       ; 0         ; 0    ; 0            ; |addersubtractor2|megaddsub:nbit_adder|lpm_add_sub:LPM_ADD_SUB_component|add_sub_tdh:auto_generated ; add_sub_tdh      ; work         ;
;    |mux2to1:multiplexer|                  ; 16 (16)             ; 0 (0)                     ; 0           ; 0            ; 0       ; 0         ; 0    ; 0            ; |addersubtractor2|mux2to1:multiplexer                                                               ; mux2to1          ; work         ;
+-------------------------------------------+---------------------+---------------------------+-------------+--------------+---------+-----------+------+--------------+-----------------------------------------------------------------------------------------------------+------------------+--------------+
Note: For table entries with two numbers listed, the numbers in parentheses indicate the number of resources of the given type used by the specific entity alone. The numbers listed outside of parentheses indicate the total resources of the given type used by the specific entity and all of its sub-entities in the hierarchy.


+--------------------------------------------------------------------------------------------------------------------------+
; Analysis & Synthesis IP Cores Summary                                                                                    ;
+--------+--------------+---------+--------------+--------------+----------------------------------------+-----------------+
; Vendor ; IP Core Name ; Version ; Release Date ; License Type ; Entity Instance                        ; IP Include File ;
+--------+--------------+---------+--------------+--------------+----------------------------------------+-----------------+
; Altera ; LPM_ADD_SUB  ; 17.0    ; N/A          ; N/A          ; |addersubtractor2|megaddsub:nbit_adder ; megaddsub.v     ;
+--------+--------------+---------+--------------+--------------+----------------------------------------+-----------------+


+---------------------------------------------------------------------------------+
; Registers Removed During Synthesis                                              ;
+----------------------------------------+----------------------------------------+
; Register name                          ; Reason for Removal                     ;
+----------------------------------------+----------------------------------------+
; Zreg[1..15]                            ; Stuck at GND due to stuck port data_in ;
; Total Number of Removed Registers = 15 ;                                        ;
+----------------------------------------+----------------------------------------+


+------------------------------------------------------+
; General Register Statistics                          ;
+----------------------------------------------+-------+
; Statistic                                    ; Value ;
+----------------------------------------------+-------+
; Total registers                              ; 36    ;
; Number of registers using Synchronous Clear  ; 0     ;
; Number of registers using Synchronous Load   ; 0     ;
; Number of registers using Asynchronous Clear ; 36    ;
; Number of registers using Asynchronous Load  ; 0     ;
; Number of registers using Clock Enable       ; 0     ;
; Number of registers using Preset             ; 0     ;
+----------------------------------------------+-------+


+----------------------------------------------------------------------------------+
; Parameter Settings for User Entity Instance: Top-level Entity: |addersubtractor2 ;
+----------------+-------+---------------------------------------------------------+
; Parameter Name ; Value ; Type                                                    ;
+----------------+-------+---------------------------------------------------------+
; n              ; 16    ; Signed Integer                                          ;
+----------------+-------+---------------------------------------------------------+
Note: In order to hide this table in the UI and the text report file, please set the "Show Parameter Settings in Synthesis Report" option in "Analysis and Synthesis Settings -> More Settings" to "Off".


+------------------------------------------------------------------+
; Parameter Settings for User Entity Instance: mux2to1:multiplexer ;
+----------------+-------+-----------------------------------------+
; Parameter Name ; Value ; Type                                    ;
+----------------+-------+-----------------------------------------+
; k              ; 16    ; Signed Integer                          ;
+----------------+-------+-----------------------------------------+
Note: In order to hide this table in the UI and the text report file, please set the "Show Parameter Settings in Synthesis Report" option in "Analysis and Synthesis Settings -> More Settings" to "Off".


+-----------------------------------------------------------------------------------------------------+
; Parameter Settings for User Entity Instance: megaddsub:nbit_adder|lpm_add_sub:LPM_ADD_SUB_component ;
+------------------------+--------------+-------------------------------------------------------------+
; Parameter Name         ; Value        ; Type                                                        ;
+------------------------+--------------+-------------------------------------------------------------+
; LPM_WIDTH              ; 16           ; Signed Integer                                              ;
; LPM_REPRESENTATION     ; SIGNED       ; Untyped                                                     ;
; LPM_DIRECTION          ; DEFAULT      ; Untyped                                                     ;
; ONE_INPUT_IS_CONSTANT  ; NO           ; Untyped                                                     ;
; LPM_PIPELINE           ; 0            ; Untyped                                                     ;
; MAXIMIZE_SPEED         ; 5            ; Untyped                                                     ;
; REGISTERED_AT_END      ; 0            ; Untyped                                                     ;
; OPTIMIZE_FOR_SPEED     ; 5            ; Untyped                                                     ;
; USE_CS_BUFFERS         ; 1            ; Untyped                                                     ;
; CARRY_CHAIN            ; MANUAL       ; Untyped                                                     ;
; CARRY_CHAIN_LENGTH     ; 48           ; CARRY_CHAIN_LENGTH                                          ;
; DEVICE_FAMILY          ; Cyclone IV E ; Untyped                                                     ;
; USE_WYS                ; OFF          ; Untyped                                                     ;
; STYLE                  ; FAST         ; Untyped                                                     ;
; CBXI_PARAMETER         ; add_sub_tdh  ; Untyped                                                     ;
; AUTO_CARRY_CHAINS      ; ON           ; AUTO_CARRY                                                  ;
; IGNORE_CARRY_BUFFERS   ; OFF          ; IGNORE_CARRY                                                ;
; AUTO_CASCADE_CHAINS    ; ON           ; AUTO_CASCADE                                                ;
; IGNORE_CASCADE_BUFFERS ; OFF          ; IGNORE_CASCADE                                              ;
+------------------------+--------------+-------------------------------------------------------------+
Note: In order to hide this table in the UI and the text report file, please set the "Show Parameter Settings in Synthesis Report" option in "Analysis and Synthesis Settings -> More Settings" to "Off".


+--------------------------------------------------------------------------------------------------------------------------------------------------------------------------------------------------------+
; Port Connectivity Checks: "megaddsub:nbit_adder"                                                                                                                                                       ;
+----------+--------+----------+-------------------------------------------------------------------------------------------------------------------------------------------------------------------------+
; Port     ; Type   ; Severity ; Details                                                                                                                                                                 ;
+----------+--------+----------+-------------------------------------------------------------------------------------------------------------------------------------------------------------------------+
; overflow ; Output ; Warning  ; Output or bidir port (1 bits) is smaller than the port expression (16 bits) it drives.  The 15 most-significant bit(s) in the port expression will be connected to GND. ;
; result   ; Output ; Warning  ; Output or bidir port (16 bits) is wider than the port expression (1 bits) it drives; bit(s) "result[15..1]" have no fanouts                                             ;
+----------+--------+----------+-------------------------------------------------------------------------------------------------------------------------------------------------------------------------+


+-----------------------------------------------------+
; Post-Synthesis Netlist Statistics for Top Partition ;
+-----------------------+-----------------------------+
; Type                  ; Count                       ;
+-----------------------+-----------------------------+
; boundary_port         ; 53                          ;
; cycloneiii_ff         ; 36                          ;
;     CLR               ; 36                          ;
; cycloneiii_lcell_comb ; 51                          ;
;     arith             ; 16                          ;
;         2 data inputs ; 1                           ;
;         3 data inputs ; 15                          ;
;     normal            ; 35                          ;
;         0 data inputs ; 1                           ;
;         2 data inputs ; 32                          ;
;         3 data inputs ; 1                           ;
;         4 data inputs ; 1                           ;
;                       ;                             ;
; Max LUT depth         ; 4.50                        ;
; Average LUT depth     ; 2.71                        ;
+-----------------------+-----------------------------+


+-------------------------------+
; Elapsed Time Per Partition    ;
+----------------+--------------+
; Partition Name ; Elapsed Time ;
+----------------+--------------+
; Top            ; 00:00:00     ;
+----------------+--------------+


+-------------------------------+
; Analysis & Synthesis Messages ;
+-------------------------------+
Info: *******************************************************************
Info: Running Quartus Prime Analysis & Synthesis
    Info: Version 17.0.0 Build 595 04/25/2017 SJ Lite Edition
    Info: Processing started: Mon Jul 03 13:59:06 2017
Info: Command: quartus_map --read_settings_files=on --write_settings_files=off addersubtractor2 -c addersubtractor2
Warning (18236): Number of processors has not been specified which may cause overloading on shared machines.  Set the global assignment NUM_PARALLEL_PROCESSORS in your QSF to an appropriate value for best performance.
Info (20030): Parallel compilation is enabled and will use 4 of the 4 processors detected
Info (12021): Found 1 design units, including 1 entities, in source file megaddsub.v
    Info (12023): Found entity 1: megaddsub File: C:/Users/Georgantas/Documents/Altera-Tutorials/digital_logic_tuts/using_lib_modules/tutorial_lpm/megaddsub.v Line: 40
Info (12021): Found 2 design units, including 2 entities, in source file addersubtractor2.v
    Info (12023): Found entity 1: addersubtractor2 File: C:/Users/Georgantas/Documents/Altera-Tutorials/digital_logic_tuts/using_lib_modules/tutorial_lpm/addersubtractor2.v Line: 2
    Info (12023): Found entity 2: mux2to1 File: C:/Users/Georgantas/Documents/Altera-Tutorials/digital_logic_tuts/using_lib_modules/tutorial_lpm/addersubtractor2.v Line: 33
Info (12127): Elaborating entity "addersubtractor2" for the top level hierarchy
Info (12128): Elaborating entity "mux2to1" for hierarchy "mux2to1:multiplexer" File: C:/Users/Georgantas/Documents/Altera-Tutorials/digital_logic_tuts/using_lib_modules/tutorial_lpm/addersubtractor2.v Line: 13
Info (12128): Elaborating entity "megaddsub" for hierarchy "megaddsub:nbit_adder" File: C:/Users/Georgantas/Documents/Altera-Tutorials/digital_logic_tuts/using_lib_modules/tutorial_lpm/addersubtractor2.v Line: 15
Info (12128): Elaborating entity "lpm_add_sub" for hierarchy "megaddsub:nbit_adder|lpm_add_sub:LPM_ADD_SUB_component" File: C:/Users/Georgantas/Documents/Altera-Tutorials/digital_logic_tuts/using_lib_modules/tutorial_lpm/megaddsub.v Line: 72
Info (12130): Elaborated megafunction instantiation "megaddsub:nbit_adder|lpm_add_sub:LPM_ADD_SUB_component" File: C:/Users/Georgantas/Documents/Altera-Tutorials/digital_logic_tuts/using_lib_modules/tutorial_lpm/megaddsub.v Line: 72
Info (12133): Instantiated megafunction "megaddsub:nbit_adder|lpm_add_sub:LPM_ADD_SUB_component" with the following parameter: File: C:/Users/Georgantas/Documents/Altera-Tutorials/digital_logic_tuts/using_lib_modules/tutorial_lpm/megaddsub.v Line: 72
    Info (12134): Parameter "lpm_direction" = "UNUSED"
    Info (12134): Parameter "lpm_hint" = "ONE_INPUT_IS_CONSTANT=NO,CIN_USED=NO"
    Info (12134): Parameter "lpm_representation" = "SIGNED"
    Info (12134): Parameter "lpm_type" = "LPM_ADD_SUB"
    Info (12134): Parameter "lpm_width" = "16"
Info (12021): Found 1 design units, including 1 entities, in source file db/add_sub_tdh.tdf
    Info (12023): Found entity 1: add_sub_tdh File: C:/Users/Georgantas/Documents/Altera-Tutorials/digital_logic_tuts/using_lib_modules/tutorial_lpm/db/add_sub_tdh.tdf Line: 23
Info (12128): Elaborating entity "add_sub_tdh" for hierarchy "megaddsub:nbit_adder|lpm_add_sub:LPM_ADD_SUB_component|add_sub_tdh:auto_generated" File: c:/intelfpga_lite/17.0/quartus/libraries/megafunctions/lpm_add_sub.tdf Line: 119
Warning (12241): 1 hierarchies have connectivity warnings - see the Connectivity Checks report folder
Warning (13024): Output pins are stuck at VCC or GND
    Warning (13410): Pin "Z[1]" is stuck at GND File: C:/Users/Georgantas/Documents/Altera-Tutorials/digital_logic_tuts/using_lib_modules/tutorial_lpm/addersubtractor2.v Line: 6
    Warning (13410): Pin "Z[2]" is stuck at GND File: C:/Users/Georgantas/Documents/Altera-Tutorials/digital_logic_tuts/using_lib_modules/tutorial_lpm/addersubtractor2.v Line: 6
    Warning (13410): Pin "Z[3]" is stuck at GND File: C:/Users/Georgantas/Documents/Altera-Tutorials/digital_logic_tuts/using_lib_modules/tutorial_lpm/addersubtractor2.v Line: 6
    Warning (13410): Pin "Z[4]" is stuck at GND File: C:/Users/Georgantas/Documents/Altera-Tutorials/digital_logic_tuts/using_lib_modules/tutorial_lpm/addersubtractor2.v Line: 6
    Warning (13410): Pin "Z[5]" is stuck at GND File: C:/Users/Georgantas/Documents/Altera-Tutorials/digital_logic_tuts/using_lib_modules/tutorial_lpm/addersubtractor2.v Line: 6
    Warning (13410): Pin "Z[6]" is stuck at GND File: C:/Users/Georgantas/Documents/Altera-Tutorials/digital_logic_tuts/using_lib_modules/tutorial_lpm/addersubtractor2.v Line: 6
    Warning (13410): Pin "Z[7]" is stuck at GND File: C:/Users/Georgantas/Documents/Altera-Tutorials/digital_logic_tuts/using_lib_modules/tutorial_lpm/addersubtractor2.v Line: 6
    Warning (13410): Pin "Z[8]" is stuck at GND File: C:/Users/Georgantas/Documents/Altera-Tutorials/digital_logic_tuts/using_lib_modules/tutorial_lpm/addersubtractor2.v Line: 6
    Warning (13410): Pin "Z[9]" is stuck at GND File: C:/Users/Georgantas/Documents/Altera-Tutorials/digital_logic_tuts/using_lib_modules/tutorial_lpm/addersubtractor2.v Line: 6
    Warning (13410): Pin "Z[10]" is stuck at GND File: C:/Users/Georgantas/Documents/Altera-Tutorials/digital_logic_tuts/using_lib_modules/tutorial_lpm/addersubtractor2.v Line: 6
    Warning (13410): Pin "Z[11]" is stuck at GND File: C:/Users/Georgantas/Documents/Altera-Tutorials/digital_logic_tuts/using_lib_modules/tutorial_lpm/addersubtractor2.v Line: 6
    Warning (13410): Pin "Z[12]" is stuck at GND File: C:/Users/Georgantas/Documents/Altera-Tutorials/digital_logic_tuts/using_lib_modules/tutorial_lpm/addersubtractor2.v Line: 6
    Warning (13410): Pin "Z[13]" is stuck at GND File: C:/Users/Georgantas/Documents/Altera-Tutorials/digital_logic_tuts/using_lib_modules/tutorial_lpm/addersubtractor2.v Line: 6
    Warning (13410): Pin "Z[14]" is stuck at GND File: C:/Users/Georgantas/Documents/Altera-Tutorials/digital_logic_tuts/using_lib_modules/tutorial_lpm/addersubtractor2.v Line: 6
    Warning (13410): Pin "Z[15]" is stuck at GND File: C:/Users/Georgantas/Documents/Altera-Tutorials/digital_logic_tuts/using_lib_modules/tutorial_lpm/addersubtractor2.v Line: 6
Info (286030): Timing-Driven Synthesis is running
Info (16010): Generating hard_block partition "hard_block:auto_generated_inst"
    Info (16011): Adding 0 node(s), including 0 DDIO, 0 PLL, 0 transceiver and 0 LCELL
Info (21057): Implemented 137 device resources after synthesis - the final resource count might be different
    Info (21058): Implemented 36 input pins
    Info (21059): Implemented 17 output pins
    Info (21061): Implemented 84 logic cells
Info: Quartus Prime Analysis & Synthesis was successful. 0 errors, 18 warnings
    Info: Peak virtual memory: 659 megabytes
    Info: Processing ended: Mon Jul 03 13:59:15 2017
    Info: Elapsed time: 00:00:09
    Info: Total CPU time (on all processors): 00:00:19


