Flow report for lights
Thu Jul 06 15:20:28 2017
Quartus Prime Version 17.0.0 Build 595 04/25/2017 SJ Lite Edition


---------------------
; Table of Contents ;
---------------------
  1. Legal Notice
  2. Flow Summary
  3. Flow Settings
  4. Flow Non-Default Global Settings
  5. Flow Elapsed Time
  6. Flow OS Summary
  7. Flow Log
  8. Flow Messages
  9. Flow Suppressed Messages



----------------
; Legal Notice ;
----------------
Copyright (C) 2017  Intel Corporation. All rights reserved.
Your use of Intel Corporation's design tools, logic functions 
and other software and tools, and its AMPP partner logic 
functions, and any output files from any of the foregoing 
(including device programming or simulation files), and any 
associated documentation or information are expressly subject 
to the terms and conditions of the Intel Program License 
Subscription Agreement, the Intel Quartus Prime License Agreement,
the Intel MegaCore Function License Agreement, or other 
applicable license agreement, including, without limitation, 
that your use is for the sole purpose of programming logic 
devices manufactured by Intel and sold by Intel or its 
authorized distributors.  Please refer to the applicable 
agreement for further details.



+----------------------------------------------------------------------------------+
; Flow Summary                                                                     ;
+------------------------------------+---------------------------------------------+
; Flow Status                        ; Successful - Thu Jul 06 15:20:25 2017       ;
; Quartus Prime Version              ; 17.0.0 Build 595 04/25/2017 SJ Lite Edition ;
; Revision Name                      ; lights                                      ;
; Top-level Entity Name              ; lights                                      ;
; Family                             ; Cyclone IV E                                ;
; Device                             ; EP4CE6E22C8                                 ;
; Timing Models                      ; Final                                       ;
; Total logic elements               ; 1,562 / 6,272 ( 25 % )                      ;
;     Total combinational functions  ; 1,451 / 6,272 ( 23 % )                      ;
;     Dedicated logic registers      ; 903 / 6,272 ( 14 % )                        ;
; Total registers                    ; 903                                         ;
; Total pins                         ; 18 / 92 ( 20 % )                            ;
; Total virtual pins                 ; 0                                           ;
; Total memory bits                  ; 44,032 / 276,480 ( 16 % )                   ;
; Embedded Multiplier 9-bit elements ; 0 / 30 ( 0 % )                              ;
; Total PLLs                         ; 0 / 2 ( 0 % )                               ;
+------------------------------------+---------------------------------------------+


+-----------------------------------------+
; Flow Settings                           ;
+-------------------+---------------------+
; Option            ; Setting             ;
+-------------------+---------------------+
; Start date & time ; 07/06/2017 15:19:48 ;
; Main task         ; Compilation         ;
; Revision Name     ; lights              ;
+-------------------+---------------------+


+------------------------------------------------------------------------------------------------------------------------------------------------+
; Flow Non-Default Global Settings                                                                                                               ;
+-------------------------------------+---------------------------------------------------------------+---------------+-------------+------------+
; Assignment Name                     ; Value                                                         ; Default Value ; Entity Name ; Section Id ;
+-------------------------------------+---------------------------------------------------------------+---------------+-------------+------------+
; COMPILER_SIGNATURE_ID               ; 79497675408334.149936878808732                                ; --            ; --          ; --         ;
; MAX_CORE_JUNCTION_TEMP              ; 85                                                            ; --            ; --          ; --         ;
; MIN_CORE_JUNCTION_TEMP              ; 0                                                             ; --            ; --          ; --         ;
; MISC_FILE                           ; nios_system/synthesis/../nios_system.cmp                      ; --            ; --          ; --         ;
; MISC_FILE                           ; nios_system/synthesis/../../nios_system.qsys                  ; --            ; --          ; --         ;
; NOMINAL_CORE_SUPPLY_VOLTAGE         ; 1.2V                                                          ; --            ; --          ; --         ;
; PARTITION_COLOR                     ; -- (Not supported for targeted family)                        ; --            ; --          ; Top        ;
; PARTITION_FITTER_PRESERVATION_LEVEL ; -- (Not supported for targeted family)                        ; --            ; --          ; Top        ;
; PARTITION_NETLIST_TYPE              ; -- (Not supported for targeted family)                        ; --            ; --          ; Top        ;
; PROJECT_OUTPUT_DIRECTORY            ; output_files                                                  ; --            ; --          ; --         ;
; SLD_FILE                            ; nios_system/synthesis/nios_system.regmap                      ; --            ; --          ; --         ;
; SLD_FILE                            ; nios_system/synthesis/nios_system.debuginfo                   ; --            ; --          ; --         ;
; SLD_INFO                            ; QSYS_NAME nios_system HAS_SOPCINFO 1 GENERATION_ID 1499365874 ; --            ; nios_system ; --         ;
; SOPCINFO_FILE                       ; nios_system/synthesis/../../nios_system.sopcinfo              ; --            ; --          ; --         ;
; SYNTHESIS_ONLY_QIP                  ; On                                                            ; --            ; --          ; --         ;
+-------------------------------------+---------------------------------------------------------------+---------------+-------------+------------+


+-------------------------------------------------------------------------------------------------------------------------------+
; Flow Elapsed Time                                                                                                             ;
+---------------------------+--------------+-------------------------+---------------------+------------------------------------+
; Module Name               ; Elapsed Time ; Average Processors Used ; Peak Virtual Memory ; Total CPU Time (on all processors) ;
+---------------------------+--------------+-------------------------+---------------------+------------------------------------+
; Analysis & Synthesis      ; 00:00:25     ; 1.0                     ; 765 MB              ; 00:00:45                           ;
; Fitter                    ; 00:00:07     ; 1.1                     ; 1408 MB             ; 00:00:08                           ;
; Assembler                 ; 00:00:01     ; 1.0                     ; 565 MB              ; 00:00:01                           ;
; TimeQuest Timing Analyzer ; 00:00:02     ; 1.1                     ; 662 MB              ; 00:00:02                           ;
; Total                     ; 00:00:35     ; --                      ; --                  ; 00:00:56                           ;
+---------------------------+--------------+-------------------------+---------------------+------------------------------------+


+-----------------------------------------------------------------------------------------+
; Flow OS Summary                                                                         ;
+---------------------------+------------------+------------+------------+----------------+
; Module Name               ; Machine Hostname ; OS Name    ; OS Version ; Processor type ;
+---------------------------+------------------+------------+------------+----------------+
; Analysis & Synthesis      ; DESKTOP-6JCNP9S  ; Windows 10 ; 10.0       ; x86_64         ;
; Fitter                    ; DESKTOP-6JCNP9S  ; Windows 10 ; 10.0       ; x86_64         ;
; Assembler                 ; DESKTOP-6JCNP9S  ; Windows 10 ; 10.0       ; x86_64         ;
; TimeQuest Timing Analyzer ; DESKTOP-6JCNP9S  ; Windows 10 ; 10.0       ; x86_64         ;
+---------------------------+------------------+------------+------------+----------------+


------------
; Flow Log ;
------------
quartus_map --read_settings_files=on --write_settings_files=off lights -c lights
quartus_fit --read_settings_files=off --write_settings_files=off lights -c lights
quartus_asm --read_settings_files=off --write_settings_files=off lights -c lights
quartus_sta lights -c lights



